生成启动时间为 2015/3/7 17:25:13。
     1>项目“C:\Users\InsZVA\Desktop\Fight\Fight\Fight.vcxproj”在节点 2 上(Build 个目标)。
     1>ClCompile:
         C:\Program Files (x86)\Microsoft Visual Studio 12.0\VC\bin\CL.exe /c /Zi /nologo /W3 /WX- /O2 /Oi /Oy- /GL /D WIN32 /D NDEBUG /D _WINDOWS /D _UNICODE /D UNICODE /Gm- /EHsc /MD /GS /Gy /fp:precise /Zc:wchar_t /Zc:forScope /Fo"Release\\" /Fd"Release\vc120.pdb" /Gd /TP /analyze- /errorReport:prompt GfxFont.cpp main.cpp Map.cpp menuitem.cpp
         GfxFont.cpp
         main.cpp
     1>c:\users\inszva\desktop\fight\fight\Fighter.h(43): warning C4996: 'strcpy': This function or variable may be unsafe. Consider using strcpy_s instead. To disable deprecation, use _CRT_SECURE_NO_WARNINGS. See online help for details.
                 C:\Program Files (x86)\Microsoft Visual Studio 12.0\VC\include\string.h(112) : 参见“strcpy”的声明
         Map.cpp
     1>c:\users\inszva\desktop\fight\fight\Fighter.h(43): warning C4996: 'strcpy': This function or variable may be unsafe. Consider using strcpy_s instead. To disable deprecation, use _CRT_SECURE_NO_WARNINGS. See online help for details.
                 C:\Program Files (x86)\Microsoft Visual Studio 12.0\VC\include\string.h(112) : 参见“strcpy”的声明
     1>c:\users\inszva\desktop\fight\fight\Fighter.h(45): warning C4244: “参数”: 从“int”转换到“float”，可能丢失数据
     1>c:\users\inszva\desktop\fight\fight\Fighter.h(47): warning C4244: “参数”: 从“int”转换到“float”，可能丢失数据
         menuitem.cpp
     1>menuitem.cpp(36): warning C4244: “=”: 从“size_t”转换到“float”，可能丢失数据
       Link:
         C:\Program Files (x86)\Microsoft Visual Studio 12.0\VC\bin\link.exe /ERRORREPORT:PROMPT /OUT:"C:\Users\InsZVA\Desktop\Fight\Release\Fight.exe" /INCREMENTAL:NO /NOLOGO hge.lib hgehelp.lib kernel32.lib user32.lib gdi32.lib winspool.lib comdlg32.lib advapi32.lib shell32.lib ole32.lib oleaut32.lib uuid.lib odbc32.lib odbccp32.lib /NODEFAULTLIB:libc.lib /MANIFEST /MANIFESTUAC:"level='asInvoker' uiAccess='false'" /manifest:embed /DEBUG /PDB:"C:\Users\InsZVA\Desktop\Fight\Release\Fight.pdb" /SUBSYSTEM:WINDOWS /OPT:REF /OPT:ICF /LTCG /TLBID:1 /DYNAMICBASE /NXCOMPAT /IMPLIB:"C:\Users\InsZVA\Desktop\Fight\Release\Fight.lib" /MACHINE:X86 /SAFESEH Release\GfxFont.obj
         Release\main.obj
         Release\Map.obj
         Release\menuitem.obj
         正在生成代码
         已完成代码的生成
     1>hgehelp.lib(hgesprite.obj) : error LNK2026: 模块对于 SAFESEH 映像是不安全的。
     1>C:\Program Files (x86)\MSBuild\Microsoft.Cpp\v4.0\V120\Microsoft.CppCommon.targets(607,5): error MSB6006: “link.exe”已退出，代码为 1281。
     1>hgehelp.lib(hgeparticle.obj) : error LNK2026: 模块对于 SAFESEH 映像是不安全的。
     1>hgehelp.lib(hgeanim.obj) : error LNK2026: 模块对于 SAFESEH 映像是不安全的。
     1>hgehelp.lib(hgegui.obj) : error LNK2026: 模块对于 SAFESEH 映像是不安全的。
     1>hgehelp.lib(hgerect.obj) : error LNK2026: 模块对于 SAFESEH 映像是不安全的。
     1>hgehelp.lib(hgevector.obj) : error LNK2026: 模块对于 SAFESEH 映像是不安全的。
     1>C:\Users\InsZVA\Desktop\Fight\Release\Fight.exe : fatal error LNK1281: 无法生成 SAFESEH 映像。
     1>已完成生成项目“C:\Users\InsZVA\Desktop\Fight\Fight\Fight.vcxproj”(Build 个目标)的操作 - 失败。

生成失败。

已用时间 00:00:07.07
